<?xml version="1.0" encoding="UTF-8" standalone="no"?>
<!DOCTYPE log SYSTEM "logger.dtd">
<log>
<record>
  <date>2018-09-17T00:40:10</date>
  <millis>1537155610614</millis>
  <sequence>0</sequence>
  <logger>org.uma.jmetal.util.JMetalLogger</logger>
  <level>INFO</level>
  <class>org.uma.jmetal.util.JMetalLogger</class>
  <method>configureLoggers</method>
  <thread>1</thread>
  <message>Loggers configured with null</message>
</record>
<record>
  <date>2018-09-17T00:40:10</date>
  <millis>1537155610804</millis>
  <sequence>1</sequence>
  <logger>org.uma.jmetal.util.JMetalLogger</logger>
  <level>INFO</level>
  <class>edu.lifo.algorithm.runner.NSGAIIMultiParentCrossoverRunner</class>
  <method>main</method>
  <thread>1</thread>
  <message>Total execution time: 88894ms</message>
</record>
</log>
